{"C:\\Users\\Paola\\task-manager-api\\src\\app.ts": {"path":"C:\\Users\\Paola\\task-manager-api\\src\\app.ts","statementMap":{"0":{"start":{"line":1,"column":0},"end":{"line":1,"column":30}},"1":{"start":{"line":2,"column":0},"end":{"line":2,"column":28}},"2":{"start":{"line":3,"column":0},"end":{"line":3,"column":43}},"3":{"start":{"line":4,"column":0},"end":{"line":4,"column":36}},"4":{"start":{"line":5,"column":0},"end":{"line":5,"column":39}},"5":{"start":{"line":6,"column":0},"end":{"line":6,"column":40}},"6":{"start":{"line":7,"column":0},"end":{"line":7,"column":58}},"7":{"start":{"line":8,"column":0},"end":{"line":8,"column":50}},"8":{"start":{"line":9,"column":0},"end":{"line":9,"column":24}},"9":{"start":{"line":11,"column":0},"end":{"line":11,"column":16}},"10":{"start":{"line":13,"column":12},"end":{"line":13,"column":21}},"11":{"start":{"line":16,"column":0},"end":{"line":16,"column":24}},"12":{"start":{"line":19,"column":0},"end":{"line":26,"column":4}},"13":{"start":{"line":29,"column":0},"end":{"line":29,"column":33}},"14":{"start":{"line":30,"column":0},"end":{"line":30,"column":34}},"15":{"start":{"line":31,"column":0},"end":{"line":31,"column":68}},"16":{"start":{"line":34,"column":0},"end":{"line":36,"column":3}},"17":{"start":{"line":35,"column":2},"end":{"line":35,"column":33}},"18":{"start":{"line":39,"column":0},"end":{"line":39,"column":18}},"19":{"start":{"line":42,"column":0},"end":{"line":42,"column":22}},"20":{"start":{"line":44,"column":0},"end":{"line":44,"column":19}}},"fnMap":{"0":{"name":"(anonymous_1)","decl":{"start":{"line":34,"column":13},"end":{"line":34,"column":14}},"loc":{"start":{"line":34,"column":26},"end":{"line":36,"column":1}}}},"branchMap":{},"s":{"0":2,"1":2,"2":2,"3":2,"4":2,"5":2,"6":2,"7":2,"8":2,"9":2,"10":2,"11":2,"12":2,"13":2,"14":2,"15":2,"16":2,"17":0,"18":2,"19":2,"20":2},"f":{"0":0},"b":{}}
,"C:\\Users\\Paola\\task-manager-api\\src\\swagger.ts": {"path":"C:\\Users\\Paola\\task-manager-api\\src\\swagger.ts","statementMap":{"0":{"start":{"line":2,"column":0},"end":{"line":2,"column":41}},"1":{"start":{"line":4,"column":16},"end":{"line":32,"column":2}},"2":{"start":{"line":34,"column":20},"end":{"line":34,"column":41}},"3":{"start":{"line":36,"column":0},"end":{"line":36,"column":27}}},"fnMap":{},"branchMap":{},"s":{"0":2,"1":2,"2":2,"3":2},"f":{},"b":{}}
,"C:\\Users\\Paola\\task-manager-api\\src\\controllers\\authController.ts": {"path":"C:\\Users\\Paola\\task-manager-api\\src\\controllers\\authController.ts","statementMap":{"0":{"start":{"line":2,"column":0},"end":{"line":2,"column":31}},"1":{"start":{"line":3,"column":0},"end":{"line":3,"column":34}},"2":{"start":{"line":5,"column":31},"end":{"line":5,"column":65}},"3":{"start":{"line":6,"column":31},"end":{"line":6,"column":65}},"4":{"start":{"line":14,"column":2},"end":{"line":18,"column":4}},"5":{"start":{"line":29,"column":24},"end":{"line":43,"column":1}},"6":{"start":{"line":30,"column":2},"end":{"line":42,"column":3}},"7":{"start":{"line":31,"column":32},"end":{"line":31,"column":40}},"8":{"start":{"line":32,"column":19},"end":{"line":32,"column":48}},"9":{"start":{"line":33,"column":4},"end":{"line":33,"column":88}},"10":{"start":{"line":33,"column":16},"end":{"line":33,"column":88}},"11":{"start":{"line":35,"column":17},"end":{"line":35,"column":46}},"12":{"start":{"line":36,"column":4},"end":{"line":36,"column":22}},"13":{"start":{"line":38,"column":18},"end":{"line":38,"column":64}},"14":{"start":{"line":39,"column":4},"end":{"line":39,"column":36}},"15":{"start":{"line":41,"column":4},"end":{"line":41,"column":69}},"16":{"start":{"line":29,"column":13},"end":{"line":29,"column":24}},"17":{"start":{"line":52,"column":21},"end":{"line":67,"column":1}},"18":{"start":{"line":53,"column":2},"end":{"line":66,"column":3}},"19":{"start":{"line":54,"column":32},"end":{"line":54,"column":40}},"20":{"start":{"line":55,"column":17},"end":{"line":55,"column":46}},"21":{"start":{"line":56,"column":4},"end":{"line":56,"column":82}},"22":{"start":{"line":56,"column":15},"end":{"line":56,"column":82}},"23":{"start":{"line":59,"column":18},"end":{"line":59,"column":54}},"24":{"start":{"line":60,"column":4},"end":{"line":60,"column":83}},"25":{"start":{"line":60,"column":16},"end":{"line":60,"column":83}},"26":{"start":{"line":62,"column":18},"end":{"line":62,"column":64}},"27":{"start":{"line":63,"column":4},"end":{"line":63,"column":24}},"28":{"start":{"line":65,"column":4},"end":{"line":65,"column":69}},"29":{"start":{"line":52,"column":13},"end":{"line":52,"column":21}}},"fnMap":{"0":{"name":"generateToken","decl":{"start":{"line":13,"column":9},"end":{"line":13,"column":22}},"loc":{"start":{"line":13,"column":37},"end":{"line":19,"column":1}}},"1":{"name":"(anonymous_2)","decl":{"start":{"line":29,"column":24},"end":{"line":29,"column":29}},"loc":{"start":{"line":29,"column":62},"end":{"line":43,"column":1}}},"2":{"name":"(anonymous_3)","decl":{"start":{"line":52,"column":21},"end":{"line":52,"column":26}},"loc":{"start":{"line":52,"column":59},"end":{"line":67,"column":1}}}},"branchMap":{"0":{"loc":{"start":{"line":5,"column":31},"end":{"line":5,"column":65}},"type":"binary-expr","locations":[{"start":{"line":5,"column":31},"end":{"line":5,"column":53}},{"start":{"line":5,"column":57},"end":{"line":5,"column":65}}]},"1":{"loc":{"start":{"line":6,"column":31},"end":{"line":6,"column":65}},"type":"binary-expr","locations":[{"start":{"line":6,"column":31},"end":{"line":6,"column":57}},{"start":{"line":6,"column":61},"end":{"line":6,"column":65}}]},"2":{"loc":{"start":{"line":33,"column":4},"end":{"line":33,"column":88}},"type":"if","locations":[{"start":{"line":33,"column":4},"end":{"line":33,"column":88}},{"start":{},"end":{}}]},"3":{"loc":{"start":{"line":56,"column":4},"end":{"line":56,"column":82}},"type":"if","locations":[{"start":{"line":56,"column":4},"end":{"line":56,"column":82}},{"start":{},"end":{}}]},"4":{"loc":{"start":{"line":60,"column":4},"end":{"line":60,"column":83}},"type":"if","locations":[{"start":{"line":60,"column":4},"end":{"line":60,"column":83}},{"start":{},"end":{}}]}},"s":{"0":2,"1":2,"2":2,"3":2,"4":6,"5":2,"6":4,"7":4,"8":4,"9":4,"10":0,"11":4,"12":4,"13":4,"14":4,"15":0,"16":2,"17":2,"18":3,"19":3,"20":3,"21":3,"22":0,"23":3,"24":3,"25":1,"26":2,"27":2,"28":0,"29":2},"f":{"0":6,"1":4,"2":3},"b":{"0":[2,0],"1":[2,0],"2":[0,4],"3":[0,3],"4":[1,2]}}
,"C:\\Users\\Paola\\task-manager-api\\src\\controllers\\taskController.ts": {"path":"C:\\Users\\Paola\\task-manager-api\\src\\controllers\\taskController.ts","statementMap":{"0":{"start":{"line":2,"column":0},"end":{"line":2,"column":34}},"1":{"start":{"line":12,"column":26},"end":{"line":21,"column":1}},"2":{"start":{"line":13,"column":2},"end":{"line":20,"column":3}},"3":{"start":{"line":14,"column":20},"end":{"line":14,"column":39}},"4":{"start":{"line":15,"column":17},"end":{"line":15,"column":56}},"5":{"start":{"line":16,"column":4},"end":{"line":16,"column":22}},"6":{"start":{"line":17,"column":4},"end":{"line":17,"column":31}},"7":{"start":{"line":19,"column":4},"end":{"line":19,"column":68}},"8":{"start":{"line":12,"column":13},"end":{"line":12,"column":26}},"9":{"start":{"line":28,"column":24},"end":{"line":36,"column":1}},"10":{"start":{"line":29,"column":2},"end":{"line":35,"column":3}},"11":{"start":{"line":30,"column":20},"end":{"line":30,"column":39}},"12":{"start":{"line":31,"column":18},"end":{"line":31,"column":51}},"13":{"start":{"line":32,"column":4},"end":{"line":32,"column":20}},"14":{"start":{"line":34,"column":4},"end":{"line":34,"column":72}},"15":{"start":{"line":28,"column":13},"end":{"line":28,"column":24}},"16":{"start":{"line":44,"column":23},"end":{"line":54,"column":1}},"17":{"start":{"line":45,"column":2},"end":{"line":53,"column":3}},"18":{"start":{"line":46,"column":20},"end":{"line":46,"column":39}},"19":{"start":{"line":47,"column":17},"end":{"line":47,"column":51}},"20":{"start":{"line":48,"column":4},"end":{"line":48,"column":79}},"21":{"start":{"line":48,"column":15},"end":{"line":48,"column":79}},"22":{"start":{"line":49,"column":4},"end":{"line":49,"column":99}},"23":{"start":{"line":49,"column":41},"end":{"line":49,"column":99}},"24":{"start":{"line":50,"column":4},"end":{"line":50,"column":19}},"25":{"start":{"line":52,"column":4},"end":{"line":52,"column":71}},"26":{"start":{"line":44,"column":13},"end":{"line":44,"column":23}},"27":{"start":{"line":63,"column":26},"end":{"line":76,"column":1}},"28":{"start":{"line":64,"column":2},"end":{"line":75,"column":3}},"29":{"start":{"line":65,"column":20},"end":{"line":65,"column":39}},"30":{"start":{"line":66,"column":17},"end":{"line":66,"column":51}},"31":{"start":{"line":67,"column":4},"end":{"line":67,"column":79}},"32":{"start":{"line":67,"column":15},"end":{"line":67,"column":79}},"33":{"start":{"line":68,"column":4},"end":{"line":68,"column":99}},"34":{"start":{"line":68,"column":41},"end":{"line":68,"column":99}},"35":{"start":{"line":70,"column":4},"end":{"line":70,"column":34}},"36":{"start":{"line":71,"column":4},"end":{"line":71,"column":22}},"37":{"start":{"line":72,"column":4},"end":{"line":72,"column":19}},"38":{"start":{"line":74,"column":4},"end":{"line":74,"column":73}},"39":{"start":{"line":63,"column":13},"end":{"line":63,"column":26}},"40":{"start":{"line":84,"column":26},"end":{"line":96,"column":1}},"41":{"start":{"line":85,"column":2},"end":{"line":95,"column":3}},"42":{"start":{"line":86,"column":20},"end":{"line":86,"column":39}},"43":{"start":{"line":87,"column":17},"end":{"line":87,"column":51}},"44":{"start":{"line":88,"column":4},"end":{"line":88,"column":79}},"45":{"start":{"line":88,"column":15},"end":{"line":88,"column":79}},"46":{"start":{"line":89,"column":4},"end":{"line":89,"column":99}},"47":{"start":{"line":89,"column":41},"end":{"line":89,"column":99}},"48":{"start":{"line":91,"column":4},"end":{"line":91,"column":27}},"49":{"start":{"line":92,"column":4},"end":{"line":92,"column":45}},"50":{"start":{"line":94,"column":4},"end":{"line":94,"column":71}},"51":{"start":{"line":84,"column":13},"end":{"line":84,"column":26}}},"fnMap":{"0":{"name":"(anonymous_1)","decl":{"start":{"line":12,"column":26},"end":{"line":12,"column":31}},"loc":{"start":{"line":12,"column":64},"end":{"line":21,"column":1}}},"1":{"name":"(anonymous_2)","decl":{"start":{"line":28,"column":24},"end":{"line":28,"column":29}},"loc":{"start":{"line":28,"column":62},"end":{"line":36,"column":1}}},"2":{"name":"(anonymous_3)","decl":{"start":{"line":44,"column":23},"end":{"line":44,"column":28}},"loc":{"start":{"line":44,"column":61},"end":{"line":54,"column":1}}},"3":{"name":"(anonymous_4)","decl":{"start":{"line":63,"column":26},"end":{"line":63,"column":31}},"loc":{"start":{"line":63,"column":64},"end":{"line":76,"column":1}}},"4":{"name":"(anonymous_5)","decl":{"start":{"line":84,"column":26},"end":{"line":84,"column":31}},"loc":{"start":{"line":84,"column":64},"end":{"line":96,"column":1}}}},"branchMap":{"0":{"loc":{"start":{"line":48,"column":4},"end":{"line":48,"column":79}},"type":"if","locations":[{"start":{"line":48,"column":4},"end":{"line":48,"column":79}},{"start":{},"end":{}}]},"1":{"loc":{"start":{"line":49,"column":4},"end":{"line":49,"column":99}},"type":"if","locations":[{"start":{"line":49,"column":4},"end":{"line":49,"column":99}},{"start":{},"end":{}}]},"2":{"loc":{"start":{"line":67,"column":4},"end":{"line":67,"column":79}},"type":"if","locations":[{"start":{"line":67,"column":4},"end":{"line":67,"column":79}},{"start":{},"end":{}}]},"3":{"loc":{"start":{"line":68,"column":4},"end":{"line":68,"column":99}},"type":"if","locations":[{"start":{"line":68,"column":4},"end":{"line":68,"column":99}},{"start":{},"end":{}}]},"4":{"loc":{"start":{"line":88,"column":4},"end":{"line":88,"column":79}},"type":"if","locations":[{"start":{"line":88,"column":4},"end":{"line":88,"column":79}},{"start":{},"end":{}}]},"5":{"loc":{"start":{"line":89,"column":4},"end":{"line":89,"column":99}},"type":"if","locations":[{"start":{"line":89,"column":4},"end":{"line":89,"column":99}},{"start":{},"end":{}}]}},"s":{"0":2,"1":2,"2":1,"3":1,"4":1,"5":1,"6":1,"7":0,"8":2,"9":2,"10":1,"11":1,"12":1,"13":1,"14":0,"15":2,"16":2,"17":0,"18":0,"19":0,"20":0,"21":0,"22":0,"23":0,"24":0,"25":0,"26":2,"27":2,"28":1,"29":1,"30":1,"31":1,"32":0,"33":1,"34":0,"35":1,"36":1,"37":1,"38":0,"39":2,"40":2,"41":1,"42":1,"43":1,"44":1,"45":0,"46":1,"47":0,"48":1,"49":1,"50":0,"51":2},"f":{"0":1,"1":1,"2":0,"3":1,"4":1},"b":{"0":[0,0],"1":[0,0],"2":[0,1],"3":[0,1],"4":[0,1],"5":[0,1]}}
,"C:\\Users\\Paola\\task-manager-api\\src\\middlewares\\authMiddleware.ts": {"path":"C:\\Users\\Paola\\task-manager-api\\src\\middlewares\\authMiddleware.ts","statementMap":{"0":{"start":{"line":13,"column":0},"end":{"line":13,"column":24}},"1":{"start":{"line":2,"column":0},"end":{"line":2,"column":31}},"2":{"start":{"line":4,"column":19},"end":{"line":4,"column":53}},"3":{"start":{"line":14,"column":17},"end":{"line":14,"column":42}},"4":{"start":{"line":15,"column":2},"end":{"line":17,"column":3}},"5":{"start":{"line":16,"column":4},"end":{"line":16,"column":66}},"6":{"start":{"line":19,"column":16},"end":{"line":19,"column":36}},"7":{"start":{"line":21,"column":2},"end":{"line":28,"column":3}},"8":{"start":{"line":22,"column":20},"end":{"line":22,"column":56}},"9":{"start":{"line":23,"column":5},"end":{"line":23,"column":43}},"10":{"start":{"line":24,"column":4},"end":{"line":24,"column":11}},"11":{"start":{"line":26,"column":4},"end":{"line":26,"column":51}},"12":{"start":{"line":27,"column":4},"end":{"line":27,"column":62}}},"fnMap":{"0":{"name":"authMiddleware","decl":{"start":{"line":13,"column":24},"end":{"line":13,"column":38}},"loc":{"start":{"line":13,"column":86},"end":{"line":29,"column":1}}}},"branchMap":{"0":{"loc":{"start":{"line":4,"column":19},"end":{"line":4,"column":53}},"type":"binary-expr","locations":[{"start":{"line":4,"column":19},"end":{"line":4,"column":41}},{"start":{"line":4,"column":45},"end":{"line":4,"column":53}}]},"1":{"loc":{"start":{"line":15,"column":2},"end":{"line":17,"column":3}},"type":"if","locations":[{"start":{"line":15,"column":2},"end":{"line":17,"column":3}},{"start":{},"end":{}}]},"2":{"loc":{"start":{"line":15,"column":6},"end":{"line":15,"column":46}},"type":"binary-expr","locations":[{"start":{"line":15,"column":6},"end":{"line":15,"column":13}},{"start":{"line":15,"column":17},"end":{"line":15,"column":46}}]}},"s":{"0":2,"1":2,"2":2,"3":4,"4":4,"5":0,"6":4,"7":4,"8":4,"9":4,"10":4,"11":0,"12":0},"f":{"0":4},"b":{"0":[2,0],"1":[0,4],"2":[4,4]}}
,"C:\\Users\\Paola\\task-manager-api\\src\\middlewares\\errorHandler.ts": {"path":"C:\\Users\\Paola\\task-manager-api\\src\\middlewares\\errorHandler.ts","statementMap":{"0":{"start":{"line":11,"column":28},"end":{"line":26,"column":1}},"1":{"start":{"line":17,"column":2},"end":{"line":17,"column":21}},"2":{"start":{"line":19,"column":21},"end":{"line":19,"column":42}},"3":{"start":{"line":20,"column":18},"end":{"line":20,"column":56}},"4":{"start":{"line":22,"column":2},"end":{"line":25,"column":5}},"5":{"start":{"line":11,"column":13},"end":{"line":11,"column":28}}},"fnMap":{"0":{"name":"(anonymous_0)","decl":{"start":{"line":11,"column":28},"end":{"line":11,"column":null}},"loc":{"start":{"line":16,"column":4},"end":{"line":26,"column":1}}}},"branchMap":{"0":{"loc":{"start":{"line":19,"column":21},"end":{"line":19,"column":42}},"type":"binary-expr","locations":[{"start":{"line":19,"column":21},"end":{"line":19,"column":35}},{"start":{"line":19,"column":39},"end":{"line":19,"column":42}}]},"1":{"loc":{"start":{"line":20,"column":18},"end":{"line":20,"column":56}},"type":"binary-expr","locations":[{"start":{"line":20,"column":18},"end":{"line":20,"column":29}},{"start":{"line":20,"column":33},"end":{"line":20,"column":56}}]}},"s":{"0":2,"1":0,"2":0,"3":0,"4":0,"5":2},"f":{"0":0},"b":{"0":[0,0],"1":[0,0]}}
,"C:\\Users\\Paola\\task-manager-api\\src\\middlewares\\notFound.ts": {"path":"C:\\Users\\Paola\\task-manager-api\\src\\middlewares\\notFound.ts","statementMap":{"0":{"start":{"line":10,"column":24},"end":{"line":15,"column":1}},"1":{"start":{"line":11,"column":2},"end":{"line":14,"column":5}},"2":{"start":{"line":10,"column":13},"end":{"line":10,"column":24}}},"fnMap":{"0":{"name":"(anonymous_0)","decl":{"start":{"line":10,"column":24},"end":{"line":10,"column":25}},"loc":{"start":{"line":10,"column":76},"end":{"line":15,"column":1}}}},"branchMap":{},"s":{"0":2,"1":0,"2":2},"f":{"0":0},"b":{}}
,"C:\\Users\\Paola\\task-manager-api\\src\\middlewares\\validateRequest.ts": {"path":"C:\\Users\\Paola\\task-manager-api\\src\\middlewares\\validateRequest.ts","statementMap":{"0":{"start":{"line":11,"column":0},"end":{"line":11,"column":24}},"1":{"start":{"line":2,"column":0},"end":{"line":2,"column":53}},"2":{"start":{"line":12,"column":17},"end":{"line":12,"column":38}},"3":{"start":{"line":13,"column":2},"end":{"line":15,"column":3}},"4":{"start":{"line":14,"column":4},"end":{"line":14,"column":60}},"5":{"start":{"line":16,"column":2},"end":{"line":16,"column":9}}},"fnMap":{"0":{"name":"validateRequest","decl":{"start":{"line":11,"column":24},"end":{"line":11,"column":39}},"loc":{"start":{"line":11,"column":87},"end":{"line":17,"column":1}}}},"branchMap":{"0":{"loc":{"start":{"line":13,"column":2},"end":{"line":15,"column":3}},"type":"if","locations":[{"start":{"line":13,"column":2},"end":{"line":15,"column":3}},{"start":{},"end":{}}]}},"s":{"0":2,"1":2,"2":10,"3":10,"4":0,"5":10},"f":{"0":10},"b":{"0":[0,10]}}
,"C:\\Users\\Paola\\task-manager-api\\src\\models\\Task.ts": {"path":"C:\\Users\\Paola\\task-manager-api\\src\\models\\Task.ts","statementMap":{"0":{"start":{"line":1,"column":0},"end":{"line":1,"column":54}},"1":{"start":{"line":17,"column":19},"end":{"line":29,"column":null}},"2":{"start":{"line":32,"column":0},"end":{"line":32,"column":57}}},"fnMap":{},"branchMap":{},"s":{"0":2,"1":2,"2":2},"f":{},"b":{}}
,"C:\\Users\\Paola\\task-manager-api\\src\\models\\User.ts": {"path":"C:\\Users\\Paola\\task-manager-api\\src\\models\\User.ts","statementMap":{"0":{"start":{"line":1,"column":0},"end":{"line":1,"column":54}},"1":{"start":{"line":2,"column":0},"end":{"line":2,"column":28}},"2":{"start":{"line":10,"column":19},"end":{"line":13,"column":24}},"3":{"start":{"line":16,"column":0},"end":{"line":21,"column":3}},"4":{"start":{"line":17,"column":2},"end":{"line":17,"column":50}},"5":{"start":{"line":17,"column":36},"end":{"line":17,"column":50}},"6":{"start":{"line":18,"column":15},"end":{"line":18,"column":39}},"7":{"start":{"line":19,"column":2},"end":{"line":19,"column":57}},"8":{"start":{"line":20,"column":2},"end":{"line":20,"column":9}},"9":{"start":{"line":24,"column":0},"end":{"line":26,"column":2}},"10":{"start":{"line":25,"column":2},"end":{"line":25,"column":58}},"11":{"start":{"line":28,"column":13},"end":{"line":28,"column":54}},"12":{"start":{"line":29,"column":0},"end":{"line":29,"column":20}}},"fnMap":{"0":{"name":"(anonymous_10)","decl":{"start":{"line":16,"column":30},"end":{"line":16,"column":35}},"loc":{"start":{"line":16,"column":50},"end":{"line":21,"column":1}}},"1":{"name":"(anonymous_11)","decl":{"start":{"line":24,"column":37},"end":{"line":24,"column":42}},"loc":{"start":{"line":24,"column":78},"end":{"line":26,"column":1}}}},"branchMap":{"0":{"loc":{"start":{"line":17,"column":2},"end":{"line":17,"column":50}},"type":"if","locations":[{"start":{"line":17,"column":2},"end":{"line":17,"column":50}},{"start":{},"end":{}}]}},"s":{"0":2,"1":2,"2":2,"3":2,"4":4,"5":0,"6":4,"7":4,"8":4,"9":2,"10":3,"11":2,"12":2},"f":{"0":4,"1":3},"b":{"0":[0,4]}}
,"C:\\Users\\Paola\\task-manager-api\\src\\routes\\auth.ts": {"path":"C:\\Users\\Paola\\task-manager-api\\src\\routes\\auth.ts","statementMap":{"0":{"start":{"line":1,"column":0},"end":{"line":1,"column":33}},"1":{"start":{"line":2,"column":0},"end":{"line":2,"column":41}},"2":{"start":{"line":3,"column":0},"end":{"line":3,"column":64}},"3":{"start":{"line":4,"column":0},"end":{"line":4,"column":61}},"4":{"start":{"line":6,"column":15},"end":{"line":6,"column":23}},"5":{"start":{"line":43,"column":0},"end":{"line":48,"column":2}},"6":{"start":{"line":78,"column":0},"end":{"line":83,"column":2}},"7":{"start":{"line":85,"column":0},"end":{"line":85,"column":22}}},"fnMap":{},"branchMap":{},"s":{"0":2,"1":2,"2":2,"3":2,"4":2,"5":2,"6":2,"7":2},"f":{},"b":{}}
,"C:\\Users\\Paola\\task-manager-api\\src\\routes\\tasks.ts": {"path":"C:\\Users\\Paola\\task-manager-api\\src\\routes\\tasks.ts","statementMap":{"0":{"start":{"line":1,"column":0},"end":{"line":1,"column":33}},"1":{"start":{"line":2,"column":0},"end":{"line":2,"column":48}},"2":{"start":{"line":3,"column":0},"end":{"line":3,"column":59}},"3":{"start":{"line":4,"column":0},"end":{"line":4,"column":61}},"4":{"start":{"line":5,"column":0},"end":{"line":5,"column":102}},"5":{"start":{"line":7,"column":15},"end":{"line":7,"column":23}},"6":{"start":{"line":16,"column":0},"end":{"line":16,"column":27}},"7":{"start":{"line":49,"column":0},"end":{"line":54,"column":2}},"8":{"start":{"line":68,"column":0},"end":{"line":68,"column":26}},"9":{"start":{"line":91,"column":0},"end":{"line":91,"column":72}},"10":{"start":{"line":131,"column":0},"end":{"line":131,"column":75}},"11":{"start":{"line":154,"column":0},"end":{"line":154,"column":78}},"12":{"start":{"line":156,"column":0},"end":{"line":156,"column":22}}},"fnMap":{},"branchMap":{},"s":{"0":2,"1":2,"2":2,"3":2,"4":2,"5":2,"6":2,"7":2,"8":2,"9":2,"10":2,"11":2,"12":2},"f":{},"b":{}}
}
