TN:
SF:src\app.ts
FN:34,(anonymous_1)
FNF:1
FNH:0
FNDA:0,(anonymous_1)
DA:1,2
DA:2,2
DA:3,2
DA:4,2
DA:5,2
DA:6,2
DA:7,2
DA:8,2
DA:9,2
DA:11,2
DA:13,2
DA:16,2
DA:19,2
DA:29,2
DA:30,2
DA:31,2
DA:34,2
DA:35,0
DA:39,2
DA:42,2
DA:44,2
LF:21
LH:20
BRF:0
BRH:0
end_of_record
TN:
SF:src\swagger.ts
FNF:0
FNH:0
DA:2,2
DA:4,2
DA:34,2
DA:36,2
LF:4
LH:4
BRF:0
BRH:0
end_of_record
TN:
SF:src\controllers\authController.ts
FN:13,generateToken
FN:29,(anonymous_2)
FN:52,(anonymous_3)
FNF:3
FNH:3
FNDA:6,generateToken
FNDA:4,(anonymous_2)
FNDA:3,(anonymous_3)
DA:2,2
DA:3,2
DA:5,2
DA:6,2
DA:14,6
DA:29,2
DA:30,4
DA:31,4
DA:32,4
DA:33,4
DA:35,4
DA:36,4
DA:38,4
DA:39,4
DA:41,0
DA:52,2
DA:53,3
DA:54,3
DA:55,3
DA:56,3
DA:59,3
DA:60,3
DA:62,2
DA:63,2
DA:65,0
LF:25
LH:23
BRDA:5,0,0,2
BRDA:5,0,1,0
BRDA:6,1,0,2
BRDA:6,1,1,0
BRDA:33,2,0,0
BRDA:33,2,1,4
BRDA:56,3,0,0
BRDA:56,3,1,3
BRDA:60,4,0,1
BRDA:60,4,1,2
BRF:10
BRH:6
end_of_record
TN:
SF:src\controllers\taskController.ts
FN:12,(anonymous_1)
FN:28,(anonymous_2)
FN:44,(anonymous_3)
FN:63,(anonymous_4)
FN:84,(anonymous_5)
FNF:5
FNH:4
FNDA:1,(anonymous_1)
FNDA:1,(anonymous_2)
FNDA:0,(anonymous_3)
FNDA:1,(anonymous_4)
FNDA:1,(anonymous_5)
DA:2,2
DA:12,2
DA:13,1
DA:14,1
DA:15,1
DA:16,1
DA:17,1
DA:19,0
DA:28,2
DA:29,1
DA:30,1
DA:31,1
DA:32,1
DA:34,0
DA:44,2
DA:45,0
DA:46,0
DA:47,0
DA:48,0
DA:49,0
DA:50,0
DA:52,0
DA:63,2
DA:64,1
DA:65,1
DA:66,1
DA:67,1
DA:68,1
DA:70,1
DA:71,1
DA:72,1
DA:74,0
DA:84,2
DA:85,1
DA:86,1
DA:87,1
DA:88,1
DA:89,1
DA:91,1
DA:92,1
DA:94,0
LF:41
LH:30
BRDA:48,0,0,0
BRDA:48,0,1,0
BRDA:49,1,0,0
BRDA:49,1,1,0
BRDA:67,2,0,0
BRDA:67,2,1,1
BRDA:68,3,0,0
BRDA:68,3,1,1
BRDA:88,4,0,0
BRDA:88,4,1,1
BRDA:89,5,0,0
BRDA:89,5,1,1
BRF:12
BRH:4
end_of_record
TN:
SF:src\middlewares\authMiddleware.ts
FN:13,authMiddleware
FNF:1
FNH:1
FNDA:4,authMiddleware
DA:2,2
DA:4,2
DA:13,2
DA:14,4
DA:15,4
DA:16,0
DA:19,4
DA:21,4
DA:22,4
DA:23,4
DA:24,4
DA:26,0
DA:27,0
LF:13
LH:10
BRDA:4,0,0,2
BRDA:4,0,1,0
BRDA:15,1,0,0
BRDA:15,1,1,4
BRDA:15,2,0,4
BRDA:15,2,1,4
BRF:6
BRH:4
end_of_record
TN:
SF:src\middlewares\errorHandler.ts
FN:11,(anonymous_0)
FNF:1
FNH:0
FNDA:0,(anonymous_0)
DA:11,2
DA:17,0
DA:19,0
DA:20,0
DA:22,0
LF:5
LH:1
BRDA:19,0,0,0
BRDA:19,0,1,0
BRDA:20,1,0,0
BRDA:20,1,1,0
BRF:4
BRH:0
end_of_record
TN:
SF:src\middlewares\notFound.ts
FN:10,(anonymous_0)
FNF:1
FNH:0
FNDA:0,(anonymous_0)
DA:10,2
DA:11,0
LF:2
LH:1
BRF:0
BRH:0
end_of_record
TN:
SF:src\middlewares\validateRequest.ts
FN:11,validateRequest
FNF:1
FNH:1
FNDA:10,validateRequest
DA:2,2
DA:11,2
DA:12,10
DA:13,10
DA:14,0
DA:16,10
LF:6
LH:5
BRDA:13,0,0,0
BRDA:13,0,1,10
BRF:2
BRH:1
end_of_record
TN:
SF:src\models\Task.ts
FNF:0
FNH:0
DA:1,2
DA:17,2
DA:32,2
LF:3
LH:3
BRF:0
BRH:0
end_of_record
TN:
SF:src\models\User.ts
FN:16,(anonymous_10)
FN:24,(anonymous_11)
FNF:2
FNH:2
FNDA:4,(anonymous_10)
FNDA:3,(anonymous_11)
DA:1,2
DA:2,2
DA:10,2
DA:16,2
DA:17,4
DA:18,4
DA:19,4
DA:20,4
DA:24,2
DA:25,3
DA:28,2
DA:29,2
LF:12
LH:12
BRDA:17,0,0,0
BRDA:17,0,1,4
BRF:2
BRH:1
end_of_record
TN:
SF:src\routes\auth.ts
FNF:0
FNH:0
DA:1,2
DA:2,2
DA:3,2
DA:4,2
DA:6,2
DA:43,2
DA:78,2
DA:85,2
LF:8
LH:8
BRF:0
BRH:0
end_of_record
TN:
SF:src\routes\tasks.ts
FNF:0
FNH:0
DA:1,2
DA:2,2
DA:3,2
DA:4,2
DA:5,2
DA:7,2
DA:16,2
DA:49,2
DA:68,2
DA:91,2
DA:131,2
DA:154,2
DA:156,2
LF:13
LH:13
BRF:0
BRH:0
end_of_record
